<?xml version="1.0" encoding="UTF-8"?>
<!DOCTYPE coverage SYSTEM "http://cobertura.sourceforge.net/xml/coverage-04.dtd">
<!-- Generated by simplecov-cobertura -->
<coverage line-rate="0.64" branch-rate="0" lines-covered="107" lines-valid="166" branches-covered="0" branches-valid="0" complexity="0" version="0" timestamp="1444233612">
  <sources>
    <source>/var/lib/jenkins/workspace/my-ruby-app/</source>
  </sources>
  <packages>
    <package name="simplecov-cobertura" line-rate="0.64" branch-rate="0" complexity="0">
      <classes>
        <class name="settings" filename="config/settings.rb" line-rate="1.0" branch-rate="0" complexity="0">
          <methods/>
          <lines>
            <line number="1" branch="false" hits="1"/>
            <line number="3" branch="false" hits="1"/>
            <line number="6" branch="false" hits="1"/>
            <line number="11" branch="false" hits="1"/>
            <line number="14" branch="false" hits="1"/>
            <line number="17" branch="false" hits="1"/>
          </lines>
        </class>
        <class name="app" filename="lib/my-ruby-app/app.rb" line-rate="0.41" branch-rate="0" complexity="0">
          <methods/>
          <lines>
            <line number="1" branch="false" hits="1"/>
            <line number="2" branch="false" hits="1"/>
            <line number="3" branch="false" hits="1"/>
            <line number="5" branch="false" hits="1"/>
            <line number="6" branch="false" hits="1"/>
            <line number="8" branch="false" hits="1"/>
            <line number="9" branch="false" hits="2"/>
            <line number="12" branch="false" hits="1"/>
            <line number="13" branch="false" hits="6"/>
            <line number="16" branch="false" hits="1"/>
            <line number="17" branch="false" hits="5"/>
            <line number="20" branch="false" hits="1"/>
            <line number="21" branch="false" hits="6"/>
            <line number="24" branch="false" hits="1"/>
            <line number="25" branch="false" hits="6"/>
            <line number="28" branch="false" hits="1"/>
            <line number="29" branch="false" hits="6"/>
            <line number="32" branch="false" hits="1"/>
            <line number="33" branch="false" hits="0"/>
            <line number="36" branch="false" hits="1"/>
            <line number="37" branch="false" hits="0"/>
            <line number="40" branch="false" hits="1"/>
            <line number="41" branch="false" hits="0"/>
            <line number="42" branch="false" hits="0"/>
            <line number="43" branch="false" hits="0"/>
            <line number="46" branch="false" hits="1"/>
            <line number="47" branch="false" hits="0"/>
            <line number="56" branch="false" hits="0"/>
            <line number="58" branch="false" hits="0"/>
            <line number="59" branch="false" hits="0"/>
            <line number="60" branch="false" hits="0"/>
            <line number="64" branch="false" hits="0"/>
            <line number="65" branch="false" hits="0"/>
            <line number="66" branch="false" hits="0"/>
            <line number="67" branch="false" hits="0"/>
            <line number="72" branch="false" hits="0"/>
            <line number="73" branch="false" hits="0"/>
            <line number="74" branch="false" hits="0"/>
            <line number="75" branch="false" hits="0"/>
            <line number="81" branch="false" hits="1"/>
            <line number="82" branch="false" hits="0"/>
            <line number="89" branch="false" hits="0"/>
            <line number="90" branch="false" hits="0"/>
            <line number="91" branch="false" hits="0"/>
            <line number="94" branch="false" hits="0"/>
            <line number="95" branch="false" hits="0"/>
            <line number="98" branch="false" hits="0"/>
            <line number="100" branch="false" hits="0"/>
            <line number="101" branch="false" hits="0"/>
            <line number="102" branch="false" hits="0"/>
            <line number="103" branch="false" hits="0"/>
            <line number="108" branch="false" hits="1"/>
            <line number="109" branch="false" hits="0"/>
            <line number="110" branch="false" hits="0"/>
            <line number="111" branch="false" hits="0"/>
            <line number="113" branch="false" hits="0"/>
          </lines>
        </class>
        <class name="em_statsd" filename="lib/my-ruby-app/em_statsd.rb" line-rate="0.62" branch-rate="0" complexity="0">
          <methods/>
          <lines>
            <line number="1" branch="false" hits="1"/>
            <line number="2" branch="false" hits="1"/>
            <line number="3" branch="false" hits="1"/>
            <line number="4" branch="false" hits="1"/>
            <line number="5" branch="false" hits="0"/>
            <line number="8" branch="false" hits="1"/>
            <line number="9" branch="false" hits="0"/>
            <line number="13" branch="false" hits="1"/>
            <line number="14" branch="false" hits="1"/>
            <line number="16" branch="false" hits="1"/>
            <line number="17" branch="false" hits="0"/>
            <line number="20" branch="false" hits="0"/>
            <line number="21" branch="false" hits="0"/>
          </lines>
        </class>
        <class name="event_listener" filename="lib/my-ruby-app/event_listener.rb" line-rate="1.0" branch-rate="0" complexity="0">
          <methods/>
          <lines>
            <line number="1" branch="false" hits="1"/>
            <line number="2" branch="false" hits="1"/>
            <line number="4" branch="false" hits="1"/>
            <line number="5" branch="false" hits="2"/>
            <line number="6" branch="false" hits="2"/>
            <line number="9" branch="false" hits="1"/>
            <line number="10" branch="false" hits="3"/>
            <line number="11" branch="false" hits="3"/>
            <line number="12" branch="false" hits="3"/>
            <line number="15" branch="false" hits="1"/>
            <line number="18" branch="false" hits="2"/>
            <line number="19" branch="false" hits="1"/>
            <line number="22" branch="false" hits="1"/>
            <line number="23" branch="false" hits="1"/>
            <line number="31" branch="false" hits="1"/>
            <line number="32" branch="false" hits="1"/>
          </lines>
        </class>
        <class name="server_auth" filename="lib/my-ruby-app/server_auth.rb" line-rate="1.0" branch-rate="0" complexity="0">
          <methods/>
          <lines>
            <line number="1" branch="false" hits="1"/>
            <line number="2" branch="false" hits="1"/>
            <line number="3" branch="false" hits="3"/>
            <line number="4" branch="false" hits="3"/>
            <line number="5" branch="false" hits="3"/>
            <line number="7" branch="false" hits="3"/>
            <line number="8" branch="false" hits="1"/>
            <line number="10" branch="false" hits="1"/>
            <line number="14" branch="false" hits="3"/>
            <line number="17" branch="false" hits="1"/>
            <line number="19" branch="false" hits="1"/>
            <line number="20" branch="false" hits="7"/>
            <line number="21" branch="false" hits="7"/>
            <line number="23" branch="false" hits="7"/>
            <line number="26" branch="false" hits="1"/>
            <line number="27" branch="false" hits="2"/>
            <line number="28" branch="false" hits="2"/>
          </lines>
        </class>
        <class name="integration_spec" filename="spec/integration_spec.rb" line-rate="0.32" branch-rate="0" complexity="0">
          <methods/>
          <lines>
            <line number="1" branch="false" hits="1"/>
            <line number="3" branch="false" hits="1"/>
            <line number="4" branch="false" hits="1"/>
            <line number="5" branch="false" hits="1"/>
            <line number="7" branch="false" hits="1"/>
            <line number="8" branch="false" hits="1"/>
            <line number="9" branch="false" hits="0"/>
            <line number="10" branch="false" hits="0"/>
            <line number="12" branch="false" hits="0"/>
            <line number="13" branch="false" hits="0"/>
            <line number="18" branch="false" hits="1"/>
            <line number="19" branch="false" hits="1"/>
            <line number="20" branch="false" hits="0"/>
            <line number="21" branch="false" hits="0"/>
            <line number="23" branch="false" hits="0"/>
            <line number="24" branch="false" hits="0"/>
            <line number="27" branch="false" hits="0"/>
            <line number="28" branch="false" hits="0"/>
            <line number="33" branch="false" hits="1"/>
            <line number="34" branch="false" hits="1"/>
            <line number="35" branch="false" hits="0"/>
            <line number="36" branch="false" hits="0"/>
            <line number="38" branch="false" hits="0"/>
            <line number="39" branch="false" hits="0"/>
            <line number="42" branch="false" hits="0"/>
            <line number="43" branch="false" hits="0"/>
            <line number="46" branch="false" hits="0"/>
            <line number="47" branch="false" hits="0"/>
            <line number="48" branch="false" hits="0"/>
            <line number="51" branch="false" hits="0"/>
            <line number="52" branch="false" hits="0"/>
          </lines>
        </class>
        <class name="server_auth_spec" filename="spec/server_auth_spec.rb" line-rate="1.0" branch-rate="0" complexity="0">
          <methods/>
          <lines>
            <line number="1" branch="false" hits="1"/>
            <line number="3" branch="false" hits="1"/>
            <line number="4" branch="false" hits="3"/>
            <line number="5" branch="false" hits="3"/>
            <line number="6" branch="false" hits="3"/>
            <line number="14" branch="false" hits="3"/>
            <line number="17" branch="false" hits="1"/>
            <line number="19" branch="false" hits="1"/>
            <line number="20" branch="false" hits="1"/>
            <line number="21" branch="false" hits="1"/>
            <line number="22" branch="false" hits="1"/>
            <line number="23" branch="false" hits="1"/>
            <line number="24" branch="false" hits="1"/>
            <line number="25" branch="false" hits="1"/>
            <line number="28" branch="false" hits="1"/>
            <line number="29" branch="false" hits="1"/>
            <line number="30" branch="false" hits="1"/>
            <line number="31" branch="false" hits="1"/>
            <line number="35" branch="false" hits="1"/>
            <line number="36" branch="false" hits="1"/>
            <line number="37" branch="false" hits="1"/>
            <line number="38" branch="false" hits="1"/>
            <line number="39" branch="false" hits="1"/>
            <line number="43" branch="false" hits="1"/>
            <line number="44" branch="false" hits="1"/>
            <line number="45" branch="false" hits="1"/>
            <line number="46" branch="false" hits="1"/>
          </lines>
        </class>
      </classes>
    </package>
  </packages>
</coverage>
